<?xml version="1.0" encoding="UTF-8"?>
<!-- Generated by org.testng.reporters.JUnitXMLReporter -->
<testsuite ignored="0" hostname="SINGH" failures="0" tests="7" name="Ecommerce Login Test" time="151.262" errors="0" timestamp="2023-12-27T21:01:54 IST">
  <testcase classname="com.shopping.ecommerce.testCases.LoginTest_TC001" name="login" time="7.066"/>
  <testcase classname="com.shopping.ecommerce.testCases.LoginTest_TC002" name="loginDDT" time="42.471"/>
  <testcase classname="com.shopping.ecommerce.testCases.LoginTest_TC002" name="loginDDT" time="4.991"/>
  <testcase classname="com.shopping.ecommerce.testCases.LoginTest_TC002" name="loginDDT" time="1.369"/>
  <testcase classname="com.shopping.ecommerce.testCases.LoginTest_TC002" name="loginDDT" time="1.882"/>
  <testcase classname="com.shopping.ecommerce.testCases.SignupTest_TC001" name="signup" time="10.762"/>
  <testcase classname="com.shopping.ecommerce.testCases.BuyProductTest_TC001" name="buyProductTest" time="35.138"/>
</testsuite> <!-- Ecommerce Login Test -->
