<?xml version="1.0" encoding="UTF-8"?>
<testng-results ignored="0" total="7" passed="7" failed="0" skipped="0">
  <reporter-output>
  </reporter-output>
  <suite started-at="2023-12-27T20:59:22 IST" name="Ecommerce Shop" finished-at="2023-12-27T21:01:53 IST" duration-ms="151262">
    <groups>
    </groups>
    <test started-at="2023-12-27T20:59:22 IST" name="Ecommerce Login Test" finished-at="2023-12-27T21:01:53 IST" duration-ms="151262">
      <class name="com.shopping.ecommerce.testCases.LoginTest_TC002">
        <test-method is-config="true" signature="setUp(java.lang.String)[pri:0, instance:com.shopping.ecommerce.testCases.LoginTest_TC002@77602954]" started-at="2023-12-27T20:59:49 IST" name="setUp" finished-at="2023-12-27T20:59:56 IST" duration-ms="7408" status="PASS">
          <params>
            <param index="0">
              <value>
                <![CDATA[Chrome]]>
              </value>
            </param>
          </params>
          <reporter-output>
          </reporter-output>
        </test-method> <!-- setUp -->
        <test-method signature="loginDDT(java.lang.String,java.lang.String)[pri:0, instance:com.shopping.ecommerce.testCases.LoginTest_TC002@77602954]" started-at="2023-12-27T20:59:57 IST" name="loginDDT" data-provider="LoginData" finished-at="2023-12-27T21:00:39 IST" duration-ms="42471" status="PASS">
          <params>
            <param index="0">
              <value>
                <![CDATA[automation@gmail.com]]>
              </value>
            </param>
            <param index="1">
              <value>
                <![CDATA[testing]]>
              </value>
            </param>
          </params>
          <reporter-output>
          </reporter-output>
        </test-method> <!-- loginDDT -->
        <test-method signature="loginDDT(java.lang.String,java.lang.String)[pri:0, instance:com.shopping.ecommerce.testCases.LoginTest_TC002@77602954]" started-at="2023-12-27T21:00:39 IST" name="loginDDT" data-provider="LoginData" finished-at="2023-12-27T21:00:44 IST" duration-ms="4991" status="PASS">
          <params>
            <param index="0">
              <value>
                <![CDATA[automation1@gmail.com]]>
              </value>
            </param>
            <param index="1">
              <value>
                <![CDATA[testing]]>
              </value>
            </param>
          </params>
          <reporter-output>
          </reporter-output>
        </test-method> <!-- loginDDT -->
        <test-method signature="loginDDT(java.lang.String,java.lang.String)[pri:0, instance:com.shopping.ecommerce.testCases.LoginTest_TC002@77602954]" started-at="2023-12-27T21:00:44 IST" name="loginDDT" data-provider="LoginData" finished-at="2023-12-27T21:00:46 IST" duration-ms="1369" status="PASS">
          <params>
            <param index="0">
              <value>
                <![CDATA[automation@gmail.com]]>
              </value>
            </param>
            <param index="1">
              <value>
                <![CDATA[Testing1]]>
              </value>
            </param>
          </params>
          <reporter-output>
          </reporter-output>
        </test-method> <!-- loginDDT -->
        <test-method signature="loginDDT(java.lang.String,java.lang.String)[pri:0, instance:com.shopping.ecommerce.testCases.LoginTest_TC002@77602954]" started-at="2023-12-27T21:00:46 IST" name="loginDDT" data-provider="LoginData" finished-at="2023-12-27T21:00:48 IST" duration-ms="1882" status="PASS">
          <params>
            <param index="0">
              <value>
                <![CDATA[automation100@gmail.com]]>
              </value>
            </param>
            <param index="1">
              <value>
                <![CDATA[Testing]]>
              </value>
            </param>
          </params>
          <reporter-output>
          </reporter-output>
        </test-method> <!-- loginDDT -->
        <test-method is-config="true" signature="tearDown()[pri:0, instance:com.shopping.ecommerce.testCases.LoginTest_TC002@77602954]" started-at="2023-12-27T21:00:48 IST" name="tearDown" finished-at="2023-12-27T21:00:48 IST" duration-ms="153" status="PASS">
          <reporter-output>
          </reporter-output>
        </test-method> <!-- tearDown -->
      </class> <!-- com.shopping.ecommerce.testCases.LoginTest_TC002 -->
      <class name="com.shopping.ecommerce.testCases.BuyProductTest_TC001">
        <test-method is-config="true" signature="setUp(java.lang.String)[pri:0, instance:com.shopping.ecommerce.testCases.BuyProductTest_TC001@2c3dec30]" started-at="2023-12-27T21:01:10 IST" name="setUp" finished-at="2023-12-27T21:01:17 IST" duration-ms="6838" status="PASS">
          <params>
            <param index="0">
              <value>
                <![CDATA[Chrome]]>
              </value>
            </param>
          </params>
          <reporter-output>
          </reporter-output>
        </test-method> <!-- setUp -->
        <test-method signature="buyProductTest()[pri:0, instance:com.shopping.ecommerce.testCases.BuyProductTest_TC001@2c3dec30]" started-at="2023-12-27T21:01:17 IST" name="buyProductTest" finished-at="2023-12-27T21:01:52 IST" duration-ms="35138" status="PASS">
          <reporter-output>
          </reporter-output>
        </test-method> <!-- buyProductTest -->
        <test-method is-config="true" signature="logout()[pri:0, instance:com.shopping.ecommerce.testCases.BuyProductTest_TC001@2c3dec30]" started-at="2023-12-27T21:01:52 IST" name="logout" finished-at="2023-12-27T21:01:53 IST" duration-ms="816" status="PASS">
          <reporter-output>
          </reporter-output>
        </test-method> <!-- logout -->
        <test-method is-config="true" signature="tearDown()[pri:0, instance:com.shopping.ecommerce.testCases.BuyProductTest_TC001@2c3dec30]" started-at="2023-12-27T21:01:53 IST" name="tearDown" finished-at="2023-12-27T21:01:53 IST" duration-ms="179" status="PASS">
          <reporter-output>
          </reporter-output>
        </test-method> <!-- tearDown -->
      </class> <!-- com.shopping.ecommerce.testCases.BuyProductTest_TC001 -->
      <class name="com.shopping.ecommerce.testCases.LoginTest_TC001">
        <test-method is-config="true" signature="setUp(java.lang.String)[pri:0, instance:com.shopping.ecommerce.testCases.LoginTest_TC001@6ca0256d]" started-at="2023-12-27T20:59:22 IST" name="setUp" finished-at="2023-12-27T20:59:40 IST" duration-ms="18265" status="PASS">
          <params>
            <param index="0">
              <value>
                <![CDATA[Chrome]]>
              </value>
            </param>
          </params>
          <reporter-output>
          </reporter-output>
        </test-method> <!-- setUp -->
        <test-method signature="login()[pri:0, instance:com.shopping.ecommerce.testCases.LoginTest_TC001@6ca0256d]" started-at="2023-12-27T20:59:40 IST" name="login" finished-at="2023-12-27T20:59:47 IST" duration-ms="7066" status="PASS">
          <reporter-output>
          </reporter-output>
        </test-method> <!-- login -->
        <test-method is-config="true" signature="logout()[pri:0, instance:com.shopping.ecommerce.testCases.LoginTest_TC001@6ca0256d]" started-at="2023-12-27T20:59:47 IST" name="logout" finished-at="2023-12-27T20:59:49 IST" duration-ms="1056" status="PASS">
          <reporter-output>
          </reporter-output>
        </test-method> <!-- logout -->
        <test-method is-config="true" signature="tearDown()[pri:0, instance:com.shopping.ecommerce.testCases.LoginTest_TC001@6ca0256d]" started-at="2023-12-27T20:59:49 IST" name="tearDown" finished-at="2023-12-27T20:59:49 IST" duration-ms="139" status="PASS">
          <reporter-output>
          </reporter-output>
        </test-method> <!-- tearDown -->
      </class> <!-- com.shopping.ecommerce.testCases.LoginTest_TC001 -->
      <class name="com.shopping.ecommerce.testCases.SignupTest_TC001">
        <test-method is-config="true" signature="setUp(java.lang.String)[pri:0, instance:com.shopping.ecommerce.testCases.SignupTest_TC001@e260766]" started-at="2023-12-27T21:00:48 IST" name="setUp" finished-at="2023-12-27T21:00:58 IST" duration-ms="10483" status="PASS">
          <params>
            <param index="0">
              <value>
                <![CDATA[Chrome]]>
              </value>
            </param>
          </params>
          <reporter-output>
          </reporter-output>
        </test-method> <!-- setUp -->
        <test-method signature="signup()[pri:0, instance:com.shopping.ecommerce.testCases.SignupTest_TC001@e260766]" started-at="2023-12-27T21:00:58 IST" name="signup" finished-at="2023-12-27T21:01:09 IST" duration-ms="10762" status="PASS">
          <reporter-output>
          </reporter-output>
        </test-method> <!-- signup -->
        <test-method is-config="true" signature="logout()[pri:0, instance:com.shopping.ecommerce.testCases.SignupTest_TC001@e260766]" started-at="2023-12-27T21:01:09 IST" name="logout" finished-at="2023-12-27T21:01:10 IST" duration-ms="1075" status="PASS">
          <reporter-output>
          </reporter-output>
        </test-method> <!-- logout -->
        <test-method is-config="true" signature="tearDown()[pri:0, instance:com.shopping.ecommerce.testCases.SignupTest_TC001@e260766]" started-at="2023-12-27T21:01:10 IST" name="tearDown" finished-at="2023-12-27T21:01:10 IST" duration-ms="125" status="PASS">
          <reporter-output>
          </reporter-output>
        </test-method> <!-- tearDown -->
      </class> <!-- com.shopping.ecommerce.testCases.SignupTest_TC001 -->
    </test> <!-- Ecommerce Login Test -->
  </suite> <!-- Ecommerce Shop -->
</testng-results>
