<?xml version="1.0" encoding="UTF-8"?>
<testng-results ignored="0" total="1" passed="1" failed="0" skipped="0">
  <reporter-output>
  </reporter-output>
  <suite started-at="2023-12-27T20:50:02 IST" name="Ecommerce Shop" finished-at="2023-12-27T20:51:14 IST" duration-ms="72104">
    <groups>
    </groups>
    <test started-at="2023-12-27T20:50:02 IST" name="Ecommerce Login Test" finished-at="2023-12-27T20:51:14 IST" duration-ms="72104">
      <class name="com.shopping.ecommerce.testCases.BuyProductTest_TC001">
        <test-method is-config="true" signature="setUp(java.lang.String)[pri:0, instance:com.shopping.ecommerce.testCases.BuyProductTest_TC001@3f1c5af9]" started-at="2023-12-27T20:50:02 IST" name="setUp" finished-at="2023-12-27T20:50:09 IST" duration-ms="7198" status="PASS">
          <params>
            <param index="0">
              <value>
                <![CDATA[Chrome]]>
              </value>
            </param>
          </params>
          <reporter-output>
          </reporter-output>
        </test-method> <!-- setUp -->
        <test-method signature="buyProductTest()[pri:0, instance:com.shopping.ecommerce.testCases.BuyProductTest_TC001@3f1c5af9]" started-at="2023-12-27T20:50:09 IST" name="buyProductTest" finished-at="2023-12-27T20:51:13 IST" duration-ms="64218" status="PASS">
          <reporter-output>
          </reporter-output>
        </test-method> <!-- buyProductTest -->
        <test-method is-config="true" signature="tearDown()[pri:0, instance:com.shopping.ecommerce.testCases.BuyProductTest_TC001@3f1c5af9]" started-at="2023-12-27T20:51:13 IST" name="tearDown" finished-at="2023-12-27T20:51:14 IST" duration-ms="391" status="PASS">
          <reporter-output>
          </reporter-output>
        </test-method> <!-- tearDown -->
      </class> <!-- com.shopping.ecommerce.testCases.BuyProductTest_TC001 -->
    </test> <!-- Ecommerce Login Test -->
  </suite> <!-- Ecommerce Shop -->
</testng-results>
