<?xml version="1.0" encoding="UTF-8"?>
<testng-results ignored="0" total="1" passed="1" failed="0" skipped="0">
  <reporter-output>
  </reporter-output>
  <suite started-at="2023-12-28T12:18:04 IST" name="Ecommerce Shop" finished-at="2023-12-28T12:18:24 IST" duration-ms="20316">
    <groups>
    </groups>
    <test started-at="2023-12-28T12:18:04 IST" name="Ecommerce Login Test" finished-at="2023-12-28T12:18:24 IST" duration-ms="20316">
      <class name="com.shopping.ecommerce.testCases.LoginTest_TC001">
        <test-method is-config="true" signature="setUp(java.lang.String)[pri:0, instance:com.shopping.ecommerce.testCases.LoginTest_TC001@5ddabb18]" started-at="2023-12-28T12:18:04 IST" name="setUp" finished-at="2023-12-28T12:18:15 IST" duration-ms="10686" status="PASS">
          <params>
            <param index="0">
              <value>
                <![CDATA[Chrome]]>
              </value>
            </param>
          </params>
          <reporter-output>
          </reporter-output>
        </test-method> <!-- setUp -->
        <test-method signature="login()[pri:0, instance:com.shopping.ecommerce.testCases.LoginTest_TC001@5ddabb18]" started-at="2023-12-28T12:18:15 IST" name="login" finished-at="2023-12-28T12:18:23 IST" duration-ms="8139" status="PASS">
          <reporter-output>
          </reporter-output>
        </test-method> <!-- login -->
        <test-method is-config="true" signature="logout()[pri:0, instance:com.shopping.ecommerce.testCases.LoginTest_TC001@5ddabb18]" started-at="2023-12-28T12:18:23 IST" name="logout" finished-at="2023-12-28T12:18:24 IST" duration-ms="819" status="PASS">
          <reporter-output>
          </reporter-output>
        </test-method> <!-- logout -->
        <test-method is-config="true" signature="tearDown()[pri:0, instance:com.shopping.ecommerce.testCases.LoginTest_TC001@5ddabb18]" started-at="2023-12-28T12:18:24 IST" name="tearDown" finished-at="2023-12-28T12:18:24 IST" duration-ms="441" status="PASS">
          <reporter-output>
          </reporter-output>
        </test-method> <!-- tearDown -->
      </class> <!-- com.shopping.ecommerce.testCases.LoginTest_TC001 -->
    </test> <!-- Ecommerce Login Test -->
  </suite> <!-- Ecommerce Shop -->
</testng-results>
